<?xml version="1.0" encoding="UTF-8"?>
<!-- Generated by org.testng.reporters.JUnitReportReporter -->
<testsuite hostname="LAPTOP-FIQ8QU3B" failures="0" tests="1" name="com.inetproject.testCases.TC_LoginTest_001" time="3.271" errors="0" timestamp="2023-08-08T23:48:43 IST" skipped="0">
  <testcase classname="com.inetproject.testCases.TC_LoginTest_001" name="loginTest" time="3.271"/>
  <system-out/>
</testsuite> <!-- com.inetproject.testCases.TC_LoginTest_001 -->
